Arguments: 
  C:\Program Files\nodejs\node.exe C:\Users\Hp\AppData\Roaming\npm\node_modules\yarn\bin\yarn.js add vue-ui-preloader

PATH: 
  C:\Windows\system32;C:\Windows;C:\Windows\System32\Wbem;C:\Windows\System32\WindowsPowerShell\v1.0\;C:\Windows\System32\OpenSSH\;F:\xampp74\php;C:\ProgramData\ComposerSetup\bin;C:\Program Files\Git\cmd;C:\Program Files\Docker\Docker\resources\bin;C:\ProgramData\DockerDesktop\version-bin;C:\Program Files\PuTTY\;C:\Program Files\nodejs\;C:\Users\Hp\AppData\Local\Programs\Python\Python310\Scripts\;C:\Users\Hp\AppData\Local\Programs\Python\Python310\;C:\Users\Hp\AppData\Local\Microsoft\WindowsApps;C:\Users\Hp\AppData\Local\Programs\Microsoft VS Code\bin;C:\Users\Hp\AppData\Roaming\Composer\vendor\bin;C:\Users\Hp\AppData\Local\GitHubDesktop\bin;C:\Users\Hp\AppData\Roaming\npm

Yarn version: 
  1.22.17

Node version: 
  16.14.2

Platform: 
  win32 x64

Trace: 
  Error: EPERM: operation not permitted, unlink 'F:\xampp73\htdocs\vue3\Baladi VUE\Qaiser repo\node_modules\esbuild-windows-64\esbuild.exe'

npm manifest: 
  {
    "name": "vue3-project",
    "version": "1.0.0",
    "description": "Baladi vue js webstore",
    "scripts": {
      "dev": "vite",
      "build": "vite build",
      "preview": "vite preview"
    },
    "dependencies": {
      "@coders-tm/vue-number-format": "^2.1.11",
      "@splidejs/vue-splide": "^0.5.18",
      "autoprefixer": "^10.4.2",
      "axios": "^0.26.1",
      "pinia": "^2.0.10",
      "postcss": "^8.4.5",
      "tailwindcss": "^3.0.18",
      "vue": "^3.2.25",
      "vue-hover-slider": "^0.4.0",
      "vue-number-format": "^1.2.1",
      "vue-router": "^4.0.12",
      "vue-slick-carousel": "^1.0.6"
    },
    "devDependencies": {
      "@vitejs/plugin-vue": "^2.0.0",
      "vite": "^2.7.2"
    },
    "author": "Qaiser Abbas"
  }

yarn manifest: 
  No manifest

Lockfile: 
  No lockfile
